<?xml version="1.0" encoding="UTF-8"?>
<!-- Generated by org.testng.reporters.JUnitReportReporter -->
<testsuite hostname="idea-PC" name="com.wellness.testcases.WellnessTest" tests="4" failures="0" timestamp="9 Jun 2017 22:39:20 GMT" time="0.016" errors="0">
  <testcase name="addIntegerSets" time="0.014" classname="com.wellness.testcases.WellnessTest"/>
  <testcase name="findingMaxOIntegerSet" time="0.000" classname="com.wellness.testcases.WellnessTest"/>
  <testcase name="average" time="0.001" classname="com.wellness.testcases.WellnessTest"/>
  <testcase name="multiplicationOfZeroIntegersShouldReturnZero" time="0.001" classname="com.wellness.testcases.WellnessTest"/>
</testsuite> <!-- com.wellness.testcases.WellnessTest -->
